\BOOKMARK [0][-]{chapter.1}{\376\377\0001\000\040\000N\000a\000m\000e\000s\000p\000a\000c\000e\000\040\000I\000n\000d\000e\000x}{}% 1
\BOOKMARK [1][-]{section.1.1}{\376\377\0001\000.\0001\000\040\000P\000a\000c\000k\000a\000g\000e\000s}{chapter.1}% 2
\BOOKMARK [0][-]{chapter.2}{\376\377\0002\000\040\000H\000i\000e\000r\000a\000r\000c\000h\000i\000c\000a\000l\000\040\000I\000n\000d\000e\000x}{}% 3
\BOOKMARK [1][-]{section.2.1}{\376\377\0002\000.\0001\000\040\000C\000l\000a\000s\000s\000\040\000H\000i\000e\000r\000a\000r\000c\000h\000y}{chapter.2}% 4
\BOOKMARK [0][-]{chapter.3}{\376\377\0003\000\040\000C\000l\000a\000s\000s\000\040\000I\000n\000d\000e\000x}{}% 5
\BOOKMARK [1][-]{section.3.1}{\376\377\0003\000.\0001\000\040\000C\000l\000a\000s\000s\000\040\000L\000i\000s\000t}{chapter.3}% 6
\BOOKMARK [0][-]{chapter.4}{\376\377\0004\000\040\000N\000a\000m\000e\000s\000p\000a\000c\000e\000\040\000D\000o\000c\000u\000m\000e\000n\000t\000a\000t\000i\000o\000n}{}% 7
\BOOKMARK [1][-]{section.4.1}{\376\377\0004\000.\0001\000\040\000F\000r\000a\000c\000t\000a\000l\000T\000r\000e\000e\000\040\000N\000a\000m\000e\000s\000p\000a\000c\000e\000\040\000R\000e\000f\000e\000r\000e\000n\000c\000e}{chapter.4}% 8
\BOOKMARK [1][-]{section.4.2}{\376\377\0004\000.\0002\000\040\000F\000r\000a\000c\000t\000a\000l\000T\000r\000e\000e\000.\000D\000e\000m\000o\000\040\000N\000a\000m\000e\000s\000p\000a\000c\000e\000\040\000R\000e\000f\000e\000r\000e\000n\000c\000e}{chapter.4}% 9
\BOOKMARK [0][-]{chapter.5}{\376\377\0005\000\040\000C\000l\000a\000s\000s\000\040\000D\000o\000c\000u\000m\000e\000n\000t\000a\000t\000i\000o\000n}{}% 10
\BOOKMARK [1][-]{section.5.1}{\376\377\0005\000.\0001\000\040\000F\000r\000a\000c\000t\000a\000l\000T\000r\000e\000e\000.\000B\000r\000a\000n\000c\000h\000\040\000I\000n\000t\000e\000r\000f\000a\000c\000e\000\040\000R\000e\000f\000e\000r\000e\000n\000c\000e}{chapter.5}% 11
\BOOKMARK [2][-]{subsection.5.1.1}{\376\377\0005\000.\0001\000.\0001\000\040\000D\000e\000t\000a\000i\000l\000e\000d\000\040\000D\000e\000s\000c\000r\000i\000p\000t\000i\000o\000n}{section.5.1}% 12
\BOOKMARK [2][-]{subsection.5.1.2}{\376\377\0005\000.\0001\000.\0002\000\040\000M\000e\000m\000b\000e\000r\000\040\000F\000u\000n\000c\000t\000i\000o\000n\000\040\000D\000o\000c\000u\000m\000e\000n\000t\000a\000t\000i\000o\000n}{section.5.1}% 13
\BOOKMARK [3][-]{subsubsection.5.1.2.1}{\376\377\0005\000.\0001\000.\0002\000.\0001\000\040\000D\000o\000B\000r\000a\000n\000c\000h\000i\000n\000g\000<\000\040\000T\000\040\000>\000\050\000\051}{subsection.5.1.2}% 14
\BOOKMARK [3][-]{subsubsection.5.1.2.2}{\376\377\0005\000.\0001\000.\0002\000.\0002\000\040\000D\000o\000C\000o\000l\000o\000n\000i\000z\000a\000t\000i\000o\000n\000R\000e\000s\000e\000t\000\050\000\051}{subsection.5.1.2}% 15
\BOOKMARK [3][-]{subsubsection.5.1.2.3}{\376\377\0005\000.\0001\000.\0002\000.\0003\000\040\000S\000e\000t\000u\000p\000\050\000\051\000\040\000[\0001\000/\0004\000]}{subsection.5.1.2}% 16
\BOOKMARK [3][-]{subsubsection.5.1.2.4}{\376\377\0005\000.\0001\000.\0002\000.\0004\000\040\000S\000e\000t\000u\000p\000\050\000\051\000\040\000[\0002\000/\0004\000]}{subsection.5.1.2}% 17
\BOOKMARK [3][-]{subsubsection.5.1.2.5}{\376\377\0005\000.\0001\000.\0002\000.\0005\000\040\000S\000e\000t\000u\000p\000\050\000\051\000\040\000[\0003\000/\0004\000]}{subsection.5.1.2}% 18
\BOOKMARK [3][-]{subsubsection.5.1.2.6}{\376\377\0005\000.\0001\000.\0002\000.\0006\000\040\000S\000e\000t\000u\000p\000\050\000\051\000\040\000[\0004\000/\0004\000]}{subsection.5.1.2}% 19
\BOOKMARK [2][-]{subsection.5.1.3}{\376\377\0005\000.\0001\000.\0003\000\040\000P\000r\000o\000p\000e\000r\000t\000y\000\040\000D\000o\000c\000u\000m\000e\000n\000t\000a\000t\000i\000o\000n}{section.5.1}% 20
\BOOKMARK [3][-]{subsubsection.5.1.3.1}{\376\377\0005\000.\0001\000.\0003\000.\0001\000\040\000c\000o\000l\000o\000n\000i\000z\000a\000t\000i\000o\000n\000D\000i\000r}{subsection.5.1.3}% 21
\BOOKMARK [3][-]{subsubsection.5.1.3.2}{\376\377\0005\000.\0001\000.\0003\000.\0002\000\040\000c\000o\000l\000o\000n\000i\000z\000a\000t\000i\000o\000n\000L\000e\000a\000f\000C\000o\000u\000n\000t}{subsection.5.1.3}% 22
\BOOKMARK [3][-]{subsubsection.5.1.3.3}{\376\377\0005\000.\0001\000.\0003\000.\0003\000\040\000e\000n\000d\000P\000o\000s}{subsection.5.1.3}% 23
\BOOKMARK [3][-]{subsubsection.5.1.3.4}{\376\377\0005\000.\0001\000.\0003\000.\0004\000\040\000h\000a\000s\000B\000r\000a\000n\000c\000h\000e\000d}{subsection.5.1.3}% 24
\BOOKMARK [3][-]{subsubsection.5.1.3.5}{\376\377\0005\000.\0001\000.\0003\000.\0005\000\040\000s\000t\000a\000r\000t\000P\000o\000s}{subsection.5.1.3}% 25
\BOOKMARK [3][-]{subsubsection.5.1.3.6}{\376\377\0005\000.\0001\000.\0003\000.\0006\000\040\000t\000r\000a\000n\000s\000f\000o\000r\000m}{subsection.5.1.3}% 26
\BOOKMARK [1][-]{section.5.2}{\376\377\0005\000.\0002\000\040\000F\000r\000a\000c\000t\000a\000l\000T\000r\000e\000e\000.\000C\000o\000l\000o\000n\000i\000z\000a\000t\000i\000o\000n\000L\000e\000a\000f\000\040\000C\000l\000a\000s\000s\000\040\000R\000e\000f\000e\000r\000e\000n\000c\000e}{chapter.5}% 27
\BOOKMARK [2][-]{subsection.5.2.1}{\376\377\0005\000.\0002\000.\0001\000\040\000D\000e\000t\000a\000i\000l\000e\000d\000\040\000D\000e\000s\000c\000r\000i\000p\000t\000i\000o\000n}{section.5.2}% 28
\BOOKMARK [2][-]{subsection.5.2.2}{\376\377\0005\000.\0002\000.\0002\000\040\000P\000r\000o\000p\000e\000r\000t\000y\000\040\000D\000o\000c\000u\000m\000e\000n\000t\000a\000t\000i\000o\000n}{section.5.2}% 29
\BOOKMARK [3][-]{subsubsection.5.2.2.1}{\376\377\0005\000.\0002\000.\0002\000.\0001\000\040\000h\000a\000s\000B\000e\000e\000n\000R\000e\000a\000c\000h\000e\000d}{subsection.5.2.2}% 30
\BOOKMARK [3][-]{subsubsection.5.2.2.2}{\376\377\0005\000.\0002\000.\0002\000.\0002\000\040\000p\000o\000s\000i\000t\000i\000o\000n}{subsection.5.2.2}% 31
\BOOKMARK [1][-]{section.5.3}{\376\377\0005\000.\0003\000\040\000F\000r\000a\000c\000t\000a\000l\000T\000r\000e\000e\000.\000C\000o\000l\000o\000n\000i\000z\000a\000t\000i\000o\000n\000L\000e\000a\000f\000G\000e\000n\000e\000r\000a\000t\000o\000r\000\040\000C\000l\000a\000s\000s\000\040\000R\000e\000f\000e\000r\000e\000n\000c\000e}{chapter.5}% 32
\BOOKMARK [2][-]{subsection.5.3.1}{\376\377\0005\000.\0003\000.\0001\000\040\000D\000e\000t\000a\000i\000l\000e\000d\000\040\000D\000e\000s\000c\000r\000i\000p\000t\000i\000o\000n}{section.5.3}% 33
\BOOKMARK [2][-]{subsection.5.3.2}{\376\377\0005\000.\0003\000.\0002\000\040\000M\000e\000m\000b\000e\000r\000\040\000D\000a\000t\000a\000\040\000D\000o\000c\000u\000m\000e\000n\000t\000a\000t\000i\000o\000n}{section.5.3}% 34
\BOOKMARK [3][-]{subsubsection.5.3.2.1}{\376\377\0005\000.\0003\000.\0002\000.\0001\000\040\000n\000u\000m\000T\000o\000C\000r\000e\000a\000t\000e}{subsection.5.3.2}% 35
\BOOKMARK [1][-]{section.5.4}{\376\377\0005\000.\0004\000\040\000F\000r\000a\000c\000t\000a\000l\000T\000r\000e\000e\000.\000C\000o\000l\000o\000n\000i\000z\000a\000t\000i\000o\000n\000T\000r\000e\000e\000\040\000C\000l\000a\000s\000s\000\040\000R\000e\000f\000e\000r\000e\000n\000c\000e}{chapter.5}% 36
\BOOKMARK [2][-]{subsection.5.4.1}{\376\377\0005\000.\0004\000.\0001\000\040\000D\000e\000t\000a\000i\000l\000e\000d\000\040\000D\000e\000s\000c\000r\000i\000p\000t\000i\000o\000n}{section.5.4}% 37
\BOOKMARK [2][-]{subsection.5.4.2}{\376\377\0005\000.\0004\000.\0002\000\040\000C\000o\000n\000s\000t\000r\000u\000c\000t\000o\000r\000\040\000\046\000\040\000D\000e\000s\000t\000r\000u\000c\000t\000o\000r\000\040\000D\000o\000c\000u\000m\000e\000n\000t\000a\000t\000i\000o\000n}{section.5.4}% 38
\BOOKMARK [3][-]{subsubsection.5.4.2.1}{\376\377\0005\000.\0004\000.\0002\000.\0001\000\040\000C\000o\000l\000o\000n\000i\000z\000a\000t\000i\000o\000n\000T\000r\000e\000e\000\050\000\051}{subsection.5.4.2}% 39
\BOOKMARK [2][-]{subsection.5.4.3}{\376\377\0005\000.\0004\000.\0003\000\040\000M\000e\000m\000b\000e\000r\000\040\000F\000u\000n\000c\000t\000i\000o\000n\000\040\000D\000o\000c\000u\000m\000e\000n\000t\000a\000t\000i\000o\000n}{section.5.4}% 40
\BOOKMARK [3][-]{subsubsection.5.4.3.1}{\376\377\0005\000.\0004\000.\0003\000.\0001\000\040\000G\000e\000n\000e\000r\000a\000t\000e\000<\000\040\000T\000\040\000>\000\050\000\051}{subsection.5.4.3}% 41
\BOOKMARK [1][-]{section.5.5}{\376\377\0005\000.\0005\000\040\000F\000r\000a\000c\000t\000a\000l\000T\000r\000e\000e\000.\000D\000e\000f\000a\000u\000l\000t\000T\000r\000e\000e\000\040\000C\000l\000a\000s\000s\000\040\000R\000e\000f\000e\000r\000e\000n\000c\000e}{chapter.5}% 42
\BOOKMARK [2][-]{subsection.5.5.1}{\376\377\0005\000.\0005\000.\0001\000\040\000D\000e\000t\000a\000i\000l\000e\000d\000\040\000D\000e\000s\000c\000r\000i\000p\000t\000i\000o\000n}{section.5.5}% 43
\BOOKMARK [2][-]{subsection.5.5.2}{\376\377\0005\000.\0005\000.\0002\000\040\000C\000o\000n\000s\000t\000r\000u\000c\000t\000o\000r\000\040\000\046\000\040\000D\000e\000s\000t\000r\000u\000c\000t\000o\000r\000\040\000D\000o\000c\000u\000m\000e\000n\000t\000a\000t\000i\000o\000n}{section.5.5}% 44
\BOOKMARK [3][-]{subsubsection.5.5.2.1}{\376\377\0005\000.\0005\000.\0002\000.\0001\000\040\000D\000e\000f\000a\000u\000l\000t\000T\000r\000e\000e\000\050\000\051}{subsection.5.5.2}% 45
\BOOKMARK [2][-]{subsection.5.5.3}{\376\377\0005\000.\0005\000.\0003\000\040\000M\000e\000m\000b\000e\000r\000\040\000F\000u\000n\000c\000t\000i\000o\000n\000\040\000D\000o\000c\000u\000m\000e\000n\000t\000a\000t\000i\000o\000n}{section.5.5}% 46
\BOOKMARK [3][-]{subsubsection.5.5.3.1}{\376\377\0005\000.\0005\000.\0003\000.\0001\000\040\000G\000e\000n\000e\000r\000a\000t\000e\000<\000\040\000T\000\040\000>\000\050\000\051}{subsection.5.5.3}% 47
\BOOKMARK [1][-]{section.5.6}{\376\377\0005\000.\0006\000\040\000F\000r\000a\000c\000t\000a\000l\000T\000r\000e\000e\000.\000D\000e\000m\000o\000.\000D\000e\000m\000o\000B\000r\000a\000n\000c\000h\000T\000r\000e\000e\000U\000I\000\040\000C\000l\000a\000s\000s\000\040\000R\000e\000f\000e\000r\000e\000n\000c\000e}{chapter.5}% 48
\BOOKMARK [2][-]{subsection.5.6.1}{\376\377\0005\000.\0006\000.\0001\000\040\000D\000e\000t\000a\000i\000l\000e\000d\000\040\000D\000e\000s\000c\000r\000i\000p\000t\000i\000o\000n}{section.5.6}% 49
\BOOKMARK [1][-]{section.5.7}{\376\377\0005\000.\0007\000\040\000F\000r\000a\000c\000t\000a\000l\000T\000r\000e\000e\000.\000D\000e\000m\000o\000.\000D\000e\000m\000o\000C\000o\000l\000o\000n\000i\000z\000a\000t\000i\000o\000n\000T\000r\000e\000e\000U\000I\000\040\000C\000l\000a\000s\000s\000\040\000R\000e\000f\000e\000r\000e\000n\000c\000e}{chapter.5}% 50
\BOOKMARK [2][-]{subsection.5.7.1}{\376\377\0005\000.\0007\000.\0001\000\040\000D\000e\000t\000a\000i\000l\000e\000d\000\040\000D\000e\000s\000c\000r\000i\000p\000t\000i\000o\000n}{section.5.7}% 51
\BOOKMARK [1][-]{section.5.8}{\376\377\0005\000.\0008\000\040\000F\000r\000a\000c\000t\000a\000l\000T\000r\000e\000e\000.\000D\000e\000m\000o\000.\000D\000e\000m\000o\000C\000o\000n\000t\000r\000o\000l\000s\000\040\000C\000l\000a\000s\000s\000\040\000R\000e\000f\000e\000r\000e\000n\000c\000e}{chapter.5}% 52
\BOOKMARK [1][-]{section.5.9}{\376\377\0005\000.\0009\000\040\000F\000r\000a\000c\000t\000a\000l\000T\000r\000e\000e\000.\000D\000e\000m\000o\000.\000D\000e\000m\000o\000F\000o\000r\000c\000e\000C\000o\000n\000t\000r\000o\000l\000l\000e\000r\000\040\000C\000l\000a\000s\000s\000\040\000R\000e\000f\000e\000r\000e\000n\000c\000e}{chapter.5}% 53
\BOOKMARK [2][-]{subsection.5.9.1}{\376\377\0005\000.\0009\000.\0001\000\040\000D\000e\000t\000a\000i\000l\000e\000d\000\040\000D\000e\000s\000c\000r\000i\000p\000t\000i\000o\000n}{section.5.9}% 54
\BOOKMARK [1][-]{section.5.10}{\376\377\0005\000.\0001\0000\000\040\000F\000r\000a\000c\000t\000a\000l\000T\000r\000e\000e\000.\000D\000e\000m\000o\000L\000e\000a\000f\000P\000l\000a\000c\000e\000m\000e\000n\000t\000\040\000C\000l\000a\000s\000s\000\040\000R\000e\000f\000e\000r\000e\000n\000c\000e}{chapter.5}% 55
\BOOKMARK [2][-]{subsection.5.10.1}{\376\377\0005\000.\0001\0000\000.\0001\000\040\000D\000e\000t\000a\000i\000l\000e\000d\000\040\000D\000e\000s\000c\000r\000i\000p\000t\000i\000o\000n}{section.5.10}% 56
\BOOKMARK [2][-]{subsection.5.10.2}{\376\377\0005\000.\0001\0000\000.\0002\000\040\000M\000e\000m\000b\000e\000r\000\040\000F\000u\000n\000c\000t\000i\000o\000n\000\040\000D\000o\000c\000u\000m\000e\000n\000t\000a\000t\000i\000o\000n}{section.5.10}% 57
\BOOKMARK [3][-]{subsubsection.5.10.2.1}{\376\377\0005\000.\0001\0000\000.\0002\000.\0001\000\040\000C\000l\000e\000a\000r\000\050\000\051}{subsection.5.10.2}% 58
\BOOKMARK [1][-]{section.5.11}{\376\377\0005\000.\0001\0001\000\040\000F\000r\000a\000c\000t\000a\000l\000T\000r\000e\000e\000.\000D\000e\000m\000o\000.\000D\000e\000m\000o\000L\000T\000r\000e\000e\000U\000I\000\040\000C\000l\000a\000s\000s\000\040\000R\000e\000f\000e\000r\000e\000n\000c\000e}{chapter.5}% 59
\BOOKMARK [2][-]{subsection.5.11.1}{\376\377\0005\000.\0001\0001\000.\0001\000\040\000D\000e\000t\000a\000i\000l\000e\000d\000\040\000D\000e\000s\000c\000r\000i\000p\000t\000i\000o\000n}{section.5.11}% 60
\BOOKMARK [1][-]{section.5.12}{\376\377\0005\000.\0001\0002\000\040\000F\000r\000a\000c\000t\000a\000l\000T\000r\000e\000e\000.\000D\000e\000m\000o\000.\000D\000e\000m\000o\000S\000c\000e\000n\000e\000S\000w\000i\000t\000c\000h\000e\000r\000\040\000C\000l\000a\000s\000s\000\040\000R\000e\000f\000e\000r\000e\000n\000c\000e}{chapter.5}% 61
\BOOKMARK [1][-]{section.5.13}{\376\377\0005\000.\0001\0003\000\040\000F\000r\000a\000c\000t\000a\000l\000T\000r\000e\000e\000.\000D\000e\000m\000o\000.\000D\000e\000m\000o\000T\000r\000e\000e\000C\000r\000e\000a\000t\000o\000r\000\040\000C\000l\000a\000s\000s\000\040\000R\000e\000f\000e\000r\000e\000n\000c\000e}{chapter.5}% 62
\BOOKMARK [2][-]{subsection.5.13.1}{\376\377\0005\000.\0001\0003\000.\0001\000\040\000M\000e\000m\000b\000e\000r\000\040\000D\000a\000t\000a\000\040\000D\000o\000c\000u\000m\000e\000n\000t\000a\000t\000i\000o\000n}{section.5.13}% 63
\BOOKMARK [3][-]{subsubsection.5.13.1.1}{\376\377\0005\000.\0001\0003\000.\0001\000.\0001\000\040\000l\000e\000a\000f\000G\000e\000n\000e\000r\000a\000t\000o\000r}{subsection.5.13.1}% 64
\BOOKMARK [3][-]{subsubsection.5.13.1.2}{\376\377\0005\000.\0001\0003\000.\0001\000.\0002\000\040\000s\000h\000o\000w\000i\000n\000g\000S\000t\000a\000t\000i\000o\000n\000a\000r\000y}{subsection.5.13.1}% 65
\BOOKMARK [3][-]{subsubsection.5.13.1.3}{\376\377\0005\000.\0001\0003\000.\0001\000.\0003\000\040\000t\000r\000e\000e\000B\000u\000i\000l\000d\000e\000r\000s}{subsection.5.13.1}% 66
\BOOKMARK [2][-]{subsection.5.13.2}{\376\377\0005\000.\0001\0003\000.\0002\000\040\000P\000r\000o\000p\000e\000r\000t\000y\000\040\000D\000o\000c\000u\000m\000e\000n\000t\000a\000t\000i\000o\000n}{section.5.13}% 67
\BOOKMARK [3][-]{subsubsection.5.13.2.1}{\376\377\0005\000.\0001\0003\000.\0002\000.\0001\000\040\000a\000c\000t\000i\000v\000e\000T\000r\000e\000e}{subsection.5.13.2}% 68
\BOOKMARK [1][-]{section.5.14}{\376\377\0005\000.\0001\0004\000\040\000F\000r\000a\000c\000t\000a\000l\000T\000r\000e\000e\000.\000D\000e\000m\000o\000.\000D\000e\000m\000o\000T\000r\000e\000e\000D\000a\000t\000a\000\040\000C\000l\000a\000s\000s\000\040\000R\000e\000f\000e\000r\000e\000n\000c\000e}{chapter.5}% 69
\BOOKMARK [1][-]{section.5.15}{\376\377\0005\000.\0001\0005\000\040\000F\000r\000a\000c\000t\000a\000l\000T\000r\000e\000e\000.\000L\000R\000u\000l\000e\000\040\000C\000l\000a\000s\000s\000\040\000R\000e\000f\000e\000r\000e\000n\000c\000e}{chapter.5}% 70
\BOOKMARK [1][-]{section.5.16}{\376\377\0005\000.\0001\0006\000\040\000F\000r\000a\000c\000t\000a\000l\000T\000r\000e\000e\000.\000L\000T\000r\000e\000e\000\040\000C\000l\000a\000s\000s\000\040\000R\000e\000f\000e\000r\000e\000n\000c\000e}{chapter.5}% 71
\BOOKMARK [2][-]{subsection.5.16.1}{\376\377\0005\000.\0001\0006\000.\0001\000\040\000D\000e\000t\000a\000i\000l\000e\000d\000\040\000D\000e\000s\000c\000r\000i\000p\000t\000i\000o\000n}{section.5.16}% 72
\BOOKMARK [2][-]{subsection.5.16.2}{\376\377\0005\000.\0001\0006\000.\0002\000\040\000C\000o\000n\000s\000t\000r\000u\000c\000t\000o\000r\000\040\000\046\000\040\000D\000e\000s\000t\000r\000u\000c\000t\000o\000r\000\040\000D\000o\000c\000u\000m\000e\000n\000t\000a\000t\000i\000o\000n}{section.5.16}% 73
\BOOKMARK [3][-]{subsubsection.5.16.2.1}{\376\377\0005\000.\0001\0006\000.\0002\000.\0001\000\040\000L\000T\000r\000e\000e\000\050\000\051}{subsection.5.16.2}% 74
\BOOKMARK [2][-]{subsection.5.16.3}{\376\377\0005\000.\0001\0006\000.\0003\000\040\000M\000e\000m\000b\000e\000r\000\040\000F\000u\000n\000c\000t\000i\000o\000n\000\040\000D\000o\000c\000u\000m\000e\000n\000t\000a\000t\000i\000o\000n}{section.5.16}% 75
\BOOKMARK [3][-]{subsubsection.5.16.3.1}{\376\377\0005\000.\0001\0006\000.\0003\000.\0001\000\040\000G\000e\000n\000e\000r\000a\000t\000e\000<\000\040\000T\000\040\000>\000\050\000\051}{subsection.5.16.3}% 76
\BOOKMARK [1][-]{section.5.17}{\376\377\0005\000.\0001\0007\000\040\000F\000r\000a\000c\000t\000a\000l\000T\000r\000e\000e\000.\000M\000o\000v\000i\000n\000g\000B\000r\000a\000n\000c\000h\000\040\000I\000n\000t\000e\000r\000f\000a\000c\000e\000\040\000R\000e\000f\000e\000r\000e\000n\000c\000e}{chapter.5}% 77
\BOOKMARK [2][-]{subsection.5.17.1}{\376\377\0005\000.\0001\0007\000.\0001\000\040\000D\000e\000t\000a\000i\000l\000e\000d\000\040\000D\000e\000s\000c\000r\000i\000p\000t\000i\000o\000n}{section.5.17}% 78
\BOOKMARK [2][-]{subsection.5.17.2}{\376\377\0005\000.\0001\0007\000.\0002\000\040\000P\000r\000o\000p\000e\000r\000t\000y\000\040\000D\000o\000c\000u\000m\000e\000n\000t\000a\000t\000i\000o\000n}{section.5.17}% 79
\BOOKMARK [3][-]{subsubsection.5.17.2.1}{\376\377\0005\000.\0001\0007\000.\0002\000.\0001\000\040\000e\000n\000d\000P\000o\000i\000n\000t}{subsection.5.17.2}% 80
\BOOKMARK [3][-]{subsubsection.5.17.2.2}{\376\377\0005\000.\0001\0007\000.\0002\000.\0002\000\040\000s\000t\000a\000r\000t\000P\000o\000i\000n\000t}{subsection.5.17.2}% 81
\BOOKMARK [1][-]{section.5.18}{\376\377\0005\000.\0001\0008\000\040\000F\000r\000a\000c\000t\000a\000l\000T\000r\000e\000e\000.\000M\000o\000v\000i\000n\000g\000B\000r\000a\000n\000c\000h\000I\000m\000p\000l\000\040\000C\000l\000a\000s\000s\000\040\000R\000e\000f\000e\000r\000e\000n\000c\000e}{chapter.5}% 82
\BOOKMARK [2][-]{subsection.5.18.1}{\376\377\0005\000.\0001\0008\000.\0001\000\040\000D\000e\000t\000a\000i\000l\000e\000d\000\040\000D\000e\000s\000c\000r\000i\000p\000t\000i\000o\000n}{section.5.18}% 83
\BOOKMARK [2][-]{subsection.5.18.2}{\376\377\0005\000.\0001\0008\000.\0002\000\040\000M\000e\000m\000b\000e\000r\000\040\000F\000u\000n\000c\000t\000i\000o\000n\000\040\000D\000o\000c\000u\000m\000e\000n\000t\000a\000t\000i\000o\000n}{section.5.18}% 84
\BOOKMARK [3][-]{subsubsection.5.18.2.1}{\376\377\0005\000.\0001\0008\000.\0002\000.\0001\000\040\000D\000o\000B\000r\000a\000n\000c\000h\000i\000n\000g\000<\000\040\000T\000\040\000>\000\050\000\051}{subsection.5.18.2}% 85
\BOOKMARK [3][-]{subsubsection.5.18.2.2}{\376\377\0005\000.\0001\0008\000.\0002\000.\0002\000\040\000S\000e\000t\000u\000p\000\050\000\051\000\040\000[\0001\000/\0004\000]}{subsection.5.18.2}% 86
\BOOKMARK [3][-]{subsubsection.5.18.2.3}{\376\377\0005\000.\0001\0008\000.\0002\000.\0003\000\040\000S\000e\000t\000u\000p\000\050\000\051\000\040\000[\0002\000/\0004\000]}{subsection.5.18.2}% 87
\BOOKMARK [3][-]{subsubsection.5.18.2.4}{\376\377\0005\000.\0001\0008\000.\0002\000.\0004\000\040\000S\000e\000t\000u\000p\000\050\000\051\000\040\000[\0003\000/\0004\000]}{subsection.5.18.2}% 88
\BOOKMARK [3][-]{subsubsection.5.18.2.5}{\376\377\0005\000.\0001\0008\000.\0002\000.\0005\000\040\000S\000e\000t\000u\000p\000\050\000\051\000\040\000[\0004\000/\0004\000]}{subsection.5.18.2}% 89
\BOOKMARK [2][-]{subsection.5.18.3}{\376\377\0005\000.\0001\0008\000.\0003\000\040\000P\000r\000o\000p\000e\000r\000t\000y\000\040\000D\000o\000c\000u\000m\000e\000n\000t\000a\000t\000i\000o\000n}{section.5.18}% 90
\BOOKMARK [3][-]{subsubsection.5.18.3.1}{\376\377\0005\000.\0001\0008\000.\0003\000.\0001\000\040\000e\000n\000d\000P\000o\000i\000n\000t}{subsection.5.18.3}% 91
\BOOKMARK [3][-]{subsubsection.5.18.3.2}{\376\377\0005\000.\0001\0008\000.\0003\000.\0002\000\040\000e\000n\000d\000P\000o\000s}{subsection.5.18.3}% 92
\BOOKMARK [3][-]{subsubsection.5.18.3.3}{\376\377\0005\000.\0001\0008\000.\0003\000.\0003\000\040\000s\000t\000a\000r\000t\000P\000o\000i\000n\000t}{subsection.5.18.3}% 93
\BOOKMARK [3][-]{subsubsection.5.18.3.4}{\376\377\0005\000.\0001\0008\000.\0003\000.\0004\000\040\000s\000t\000a\000r\000t\000P\000o\000s}{subsection.5.18.3}% 94
\BOOKMARK [1][-]{section.5.19}{\376\377\0005\000.\0001\0009\000\040\000F\000r\000a\000c\000t\000a\000l\000T\000r\000e\000e\000.\000M\000o\000v\000i\000n\000g\000T\000r\000e\000e\000B\000u\000i\000l\000d\000e\000r\000\040\000C\000l\000a\000s\000s\000\040\000R\000e\000f\000e\000r\000e\000n\000c\000e}{chapter.5}% 95
\BOOKMARK [2][-]{subsection.5.19.1}{\376\377\0005\000.\0001\0009\000.\0001\000\040\000D\000e\000t\000a\000i\000l\000e\000d\000\040\000D\000e\000s\000c\000r\000i\000p\000t\000i\000o\000n}{section.5.19}% 96
\BOOKMARK [2][-]{subsection.5.19.2}{\376\377\0005\000.\0001\0009\000.\0002\000\040\000M\000e\000m\000b\000e\000r\000\040\000F\000u\000n\000c\000t\000i\000o\000n\000\040\000D\000o\000c\000u\000m\000e\000n\000t\000a\000t\000i\000o\000n}{section.5.19}% 97
\BOOKMARK [3][-]{subsubsection.5.19.2.1}{\376\377\0005\000.\0001\0009\000.\0002\000.\0001\000\040\000A\000p\000p\000l\000y\000D\000i\000r\000e\000c\000t\000e\000d\000F\000o\000r\000c\000e\000\050\000\051}{subsection.5.19.2}% 98
\BOOKMARK [3][-]{subsubsection.5.19.2.2}{\376\377\0005\000.\0001\0009\000.\0002\000.\0002\000\040\000A\000p\000p\000l\000y\000P\000u\000l\000l\000F\000o\000r\000c\000e\000\050\000\051}{subsection.5.19.2}% 99
\BOOKMARK [3][-]{subsubsection.5.19.2.3}{\376\377\0005\000.\0001\0009\000.\0002\000.\0003\000\040\000A\000p\000p\000l\000y\000P\000u\000s\000h\000F\000o\000r\000c\000e\000\050\000\051}{subsection.5.19.2}% 100
\BOOKMARK [3][-]{subsubsection.5.19.2.4}{\376\377\0005\000.\0001\0009\000.\0002\000.\0004\000\040\000B\000u\000i\000l\000d\000\050\000\051}{subsection.5.19.2}% 101
\BOOKMARK [3][-]{subsubsection.5.19.2.5}{\376\377\0005\000.\0001\0009\000.\0002\000.\0005\000\040\000R\000e\000m\000o\000v\000e\000\050\000\051}{subsection.5.19.2}% 102
\BOOKMARK [2][-]{subsection.5.19.3}{\376\377\0005\000.\0001\0009\000.\0003\000\040\000M\000e\000m\000b\000e\000r\000\040\000D\000a\000t\000a\000\040\000D\000o\000c\000u\000m\000e\000n\000t\000a\000t\000i\000o\000n}{section.5.19}% 103
\BOOKMARK [3][-]{subsubsection.5.19.3.1}{\376\377\0005\000.\0001\0009\000.\0003\000.\0001\000\040\000f\000o\000r\000c\000e\000D\000i\000s\000t\000a\000n\000c\000e\000M\000u\000l\000t\000i}{subsection.5.19.3}% 104
\BOOKMARK [2][-]{subsection.5.19.4}{\376\377\0005\000.\0001\0009\000.\0004\000\040\000P\000r\000o\000p\000e\000r\000t\000y\000\040\000D\000o\000c\000u\000m\000e\000n\000t\000a\000t\000i\000o\000n}{section.5.19}% 105
\BOOKMARK [3][-]{subsubsection.5.19.4.1}{\376\377\0005\000.\0001\0009\000.\0004\000.\0001\000\040\000b\000r\000a\000n\000c\000h\000e\000s}{subsection.5.19.4}% 106
\BOOKMARK [1][-]{section.5.20}{\376\377\0005\000.\0002\0000\000\040\000F\000r\000a\000c\000t\000a\000l\000T\000r\000e\000e\000.\000M\000o\000v\000i\000n\000g\000T\000r\000e\000e\000B\000u\000i\000l\000d\000e\000r\000E\000d\000i\000t\000o\000r\000\040\000C\000l\000a\000s\000s\000\040\000R\000e\000f\000e\000r\000e\000n\000c\000e}{chapter.5}% 107
\BOOKMARK [1][-]{section.5.21}{\376\377\0005\000.\0002\0001\000\040\000F\000r\000a\000c\000t\000a\000l\000T\000r\000e\000e\000.\000P\000o\000i\000n\000t\000M\000a\000s\000s\000\040\000C\000l\000a\000s\000s\000\040\000R\000e\000f\000e\000r\000e\000n\000c\000e}{chapter.5}% 108
\BOOKMARK [2][-]{subsection.5.21.1}{\376\377\0005\000.\0002\0001\000.\0001\000\040\000D\000e\000t\000a\000i\000l\000e\000d\000\040\000D\000e\000s\000c\000r\000i\000p\000t\000i\000o\000n}{section.5.21}% 109
\BOOKMARK [2][-]{subsection.5.21.2}{\376\377\0005\000.\0002\0001\000.\0002\000\040\000C\000o\000n\000s\000t\000r\000u\000c\000t\000o\000r\000\040\000\046\000\040\000D\000e\000s\000t\000r\000u\000c\000t\000o\000r\000\040\000D\000o\000c\000u\000m\000e\000n\000t\000a\000t\000i\000o\000n}{section.5.21}% 110
\BOOKMARK [3][-]{subsubsection.5.21.2.1}{\376\377\0005\000.\0002\0001\000.\0002\000.\0001\000\040\000P\000o\000i\000n\000t\000M\000a\000s\000s\000\050\000\051}{subsection.5.21.2}% 111
\BOOKMARK [2][-]{subsection.5.21.3}{\376\377\0005\000.\0002\0001\000.\0003\000\040\000M\000e\000m\000b\000e\000r\000\040\000F\000u\000n\000c\000t\000i\000o\000n\000\040\000D\000o\000c\000u\000m\000e\000n\000t\000a\000t\000i\000o\000n}{section.5.21}% 112
\BOOKMARK [3][-]{subsubsection.5.21.3.1}{\376\377\0005\000.\0002\0001\000.\0003\000.\0001\000\040\000A\000p\000p\000l\000y\000F\000o\000r\000c\000e\000\050\000\051}{subsection.5.21.3}% 113
\BOOKMARK [3][-]{subsubsection.5.21.3.2}{\376\377\0005\000.\0002\0001\000.\0003\000.\0002\000\040\000D\000o\000U\000p\000d\000a\000t\000e\000\050\000\051}{subsection.5.21.3}% 114
\BOOKMARK [3][-]{subsubsection.5.21.3.3}{\376\377\0005\000.\0002\0001\000.\0003\000.\0003\000\040\000I\000n\000c\000r\000e\000a\000s\000e\000D\000a\000m\000p\000i\000n\000g\000\050\000\051}{subsection.5.21.3}% 115
\BOOKMARK [2][-]{subsection.5.21.4}{\376\377\0005\000.\0002\0001\000.\0004\000\040\000P\000r\000o\000p\000e\000r\000t\000y\000\040\000D\000o\000c\000u\000m\000e\000n\000t\000a\000t\000i\000o\000n}{section.5.21}% 116
\BOOKMARK [3][-]{subsubsection.5.21.4.1}{\376\377\0005\000.\0002\0001\000.\0004\000.\0001\000\040\000f\000o\000r\000c\000e\000A\000p\000p\000l\000i\000e\000d}{subsection.5.21.4}% 117
\BOOKMARK [3][-]{subsubsection.5.21.4.2}{\376\377\0005\000.\0002\0001\000.\0004\000.\0002\000\040\000p\000o\000s\000i\000t\000i\000o\000n}{subsection.5.21.4}% 118
\BOOKMARK [3][-]{subsubsection.5.21.4.3}{\376\377\0005\000.\0002\0001\000.\0004\000.\0003\000\040\000v\000e\000l\000o\000c\000i\000t\000y}{subsection.5.21.4}% 119
\BOOKMARK [1][-]{section.5.22}{\376\377\0005\000.\0002\0002\000\040\000F\000r\000a\000c\000t\000a\000l\000T\000r\000e\000e\000.\000S\000p\000r\000i\000n\000g\000\040\000C\000l\000a\000s\000s\000\040\000R\000e\000f\000e\000r\000e\000n\000c\000e}{chapter.5}% 120
\BOOKMARK [2][-]{subsection.5.22.1}{\376\377\0005\000.\0002\0002\000.\0001\000\040\000D\000e\000t\000a\000i\000l\000e\000d\000\040\000D\000e\000s\000c\000r\000i\000p\000t\000i\000o\000n}{section.5.22}% 121
\BOOKMARK [2][-]{subsection.5.22.2}{\376\377\0005\000.\0002\0002\000.\0002\000\040\000M\000e\000m\000b\000e\000r\000\040\000F\000u\000n\000c\000t\000i\000o\000n\000\040\000D\000o\000c\000u\000m\000e\000n\000t\000a\000t\000i\000o\000n}{section.5.22}% 122
\BOOKMARK [3][-]{subsubsection.5.22.2.1}{\376\377\0005\000.\0002\0002\000.\0002\000.\0001\000\040\000D\000o\000U\000p\000d\000a\000t\000e\000\050\000\051}{subsection.5.22.2}% 123
\BOOKMARK [3][-]{subsubsection.5.22.2.2}{\376\377\0005\000.\0002\0002\000.\0002\000.\0002\000\040\000S\000e\000t\000u\000p\000\050\000\051}{subsection.5.22.2}% 124
\BOOKMARK [2][-]{subsection.5.22.3}{\376\377\0005\000.\0002\0002\000.\0003\000\040\000M\000e\000m\000b\000e\000r\000\040\000D\000a\000t\000a\000\040\000D\000o\000c\000u\000m\000e\000n\000t\000a\000t\000i\000o\000n}{section.5.22}% 125
\BOOKMARK [3][-]{subsubsection.5.22.3.1}{\376\377\0005\000.\0002\0002\000.\0003\000.\0001\000\040\000e\000n\000d}{subsection.5.22.3}% 126
\BOOKMARK [3][-]{subsubsection.5.22.3.2}{\376\377\0005\000.\0002\0002\000.\0003\000.\0002\000\040\000s\000t\000a\000r\000t}{subsection.5.22.3}% 127
\BOOKMARK [1][-]{section.5.23}{\376\377\0005\000.\0002\0003\000\040\000F\000r\000a\000c\000t\000a\000l\000T\000r\000e\000e\000.\000S\000t\000a\000t\000i\000o\000n\000a\000r\000y\000B\000r\000a\000n\000c\000h\000\040\000C\000l\000a\000s\000s\000\040\000R\000e\000f\000e\000r\000e\000n\000c\000e}{chapter.5}% 128
\BOOKMARK [2][-]{subsection.5.23.1}{\376\377\0005\000.\0002\0003\000.\0001\000\040\000D\000e\000t\000a\000i\000l\000e\000d\000\040\000D\000e\000s\000c\000r\000i\000p\000t\000i\000o\000n}{section.5.23}% 129
\BOOKMARK [2][-]{subsection.5.23.2}{\376\377\0005\000.\0002\0003\000.\0002\000\040\000M\000e\000m\000b\000e\000r\000\040\000F\000u\000n\000c\000t\000i\000o\000n\000\040\000D\000o\000c\000u\000m\000e\000n\000t\000a\000t\000i\000o\000n}{section.5.23}% 130
\BOOKMARK [3][-]{subsubsection.5.23.2.1}{\376\377\0005\000.\0002\0003\000.\0002\000.\0001\000\040\000D\000o\000B\000r\000a\000n\000c\000h\000i\000n\000g\000<\000\040\000T\000\040\000>\000\050\000\051}{subsection.5.23.2}% 131
\BOOKMARK [3][-]{subsubsection.5.23.2.2}{\376\377\0005\000.\0002\0003\000.\0002\000.\0002\000\040\000D\000o\000C\000o\000l\000o\000n\000i\000z\000a\000t\000i\000o\000n\000R\000e\000s\000e\000t\000\050\000\051}{subsection.5.23.2}% 132
\BOOKMARK [3][-]{subsubsection.5.23.2.3}{\376\377\0005\000.\0002\0003\000.\0002\000.\0003\000\040\000S\000e\000t\000u\000p\000\050\000\051\000\040\000[\0001\000/\0004\000]}{subsection.5.23.2}% 133
\BOOKMARK [3][-]{subsubsection.5.23.2.4}{\376\377\0005\000.\0002\0003\000.\0002\000.\0004\000\040\000S\000e\000t\000u\000p\000\050\000\051\000\040\000[\0002\000/\0004\000]}{subsection.5.23.2}% 134
\BOOKMARK [3][-]{subsubsection.5.23.2.5}{\376\377\0005\000.\0002\0003\000.\0002\000.\0005\000\040\000S\000e\000t\000u\000p\000\050\000\051\000\040\000[\0003\000/\0004\000]}{subsection.5.23.2}% 135
\BOOKMARK [3][-]{subsubsection.5.23.2.6}{\376\377\0005\000.\0002\0003\000.\0002\000.\0006\000\040\000S\000e\000t\000u\000p\000\050\000\051\000\040\000[\0004\000/\0004\000]}{subsection.5.23.2}% 136
\BOOKMARK [3][-]{subsubsection.5.23.2.7}{\376\377\0005\000.\0002\0003\000.\0002\000.\0007\000\040\000U\000p\000d\000a\000t\000e\000C\000o\000l\000o\000r\000\050\000\051}{subsection.5.23.2}% 137
\BOOKMARK [3][-]{subsubsection.5.23.2.8}{\376\377\0005\000.\0002\0003\000.\0002\000.\0008\000\040\000U\000p\000d\000a\000t\000e\000S\000p\000r\000i\000t\000e\000\050\000\051}{subsection.5.23.2}% 138
\BOOKMARK [2][-]{subsection.5.23.3}{\376\377\0005\000.\0002\0003\000.\0003\000\040\000M\000e\000m\000b\000e\000r\000\040\000D\000a\000t\000a\000\040\000D\000o\000c\000u\000m\000e\000n\000t\000a\000t\000i\000o\000n}{section.5.23}% 139
\BOOKMARK [3][-]{subsubsection.5.23.3.1}{\376\377\0005\000.\0002\0003\000.\0003\000.\0001\000\040\000L\000e\000n\000g\000t\000h\000D\000e\000g\000r\000a\000d\000a\000t\000i\000o\000n}{subsection.5.23.3}% 140
\BOOKMARK [3][-]{subsubsection.5.23.3.2}{\376\377\0005\000.\0002\0003\000.\0003\000.\0002\000\040\000m\000\137\000R\000e\000n\000d\000e\000r\000e\000r}{subsection.5.23.3}% 141
\BOOKMARK [3][-]{subsubsection.5.23.3.3}{\376\377\0005\000.\0002\0003\000.\0003\000.\0003\000\040\000m\000\137\000W\000i\000d\000t\000h}{subsection.5.23.3}% 142
\BOOKMARK [3][-]{subsubsection.5.23.3.4}{\376\377\0005\000.\0002\0003\000.\0003\000.\0004\000\040\000S\000P\000R\000I\000T\000E\000\137\000S\000I\000Z\000E}{subsection.5.23.3}% 143
\BOOKMARK [2][-]{subsection.5.23.4}{\376\377\0005\000.\0002\0003\000.\0004\000\040\000P\000r\000o\000p\000e\000r\000t\000y\000\040\000D\000o\000c\000u\000m\000e\000n\000t\000a\000t\000i\000o\000n}{section.5.23}% 144
\BOOKMARK [3][-]{subsubsection.5.23.4.1}{\376\377\0005\000.\0002\0003\000.\0004\000.\0001\000\040\000c\000o\000l\000o\000n\000i\000z\000a\000t\000i\000o\000n\000D\000i\000r}{subsection.5.23.4}% 145
\BOOKMARK [3][-]{subsubsection.5.23.4.2}{\376\377\0005\000.\0002\0003\000.\0004\000.\0002\000\040\000c\000o\000l\000o\000n\000i\000z\000a\000t\000i\000o\000n\000L\000e\000a\000f\000C\000o\000u\000n\000t}{subsection.5.23.4}% 146
\BOOKMARK [3][-]{subsubsection.5.23.4.3}{\376\377\0005\000.\0002\0003\000.\0004\000.\0003\000\040\000c\000o\000l\000o\000r}{subsection.5.23.4}% 147
\BOOKMARK [3][-]{subsubsection.5.23.4.4}{\376\377\0005\000.\0002\0003\000.\0004\000.\0004\000\040\000e\000n\000d\000P\000o\000s}{subsection.5.23.4}% 148
\BOOKMARK [3][-]{subsubsection.5.23.4.5}{\376\377\0005\000.\0002\0003\000.\0004\000.\0005\000\040\000h\000a\000s\000B\000r\000a\000n\000c\000h\000e\000d}{subsection.5.23.4}% 149
\BOOKMARK [3][-]{subsubsection.5.23.4.6}{\376\377\0005\000.\0002\0003\000.\0004\000.\0006\000\040\000s\000t\000a\000r\000t\000P\000o\000s}{subsection.5.23.4}% 150
\BOOKMARK [1][-]{section.5.24}{\376\377\0005\000.\0002\0004\000\040\000F\000r\000a\000c\000t\000a\000l\000T\000r\000e\000e\000.\000S\000t\000a\000t\000i\000o\000n\000a\000r\000y\000T\000r\000e\000e\000B\000u\000i\000l\000d\000e\000r\000\040\000C\000l\000a\000s\000s\000\040\000R\000e\000f\000e\000r\000e\000n\000c\000e}{chapter.5}% 151
\BOOKMARK [2][-]{subsection.5.24.1}{\376\377\0005\000.\0002\0004\000.\0001\000\040\000D\000e\000t\000a\000i\000l\000e\000d\000\040\000D\000e\000s\000c\000r\000i\000p\000t\000i\000o\000n}{section.5.24}% 152
\BOOKMARK [2][-]{subsection.5.24.2}{\376\377\0005\000.\0002\0004\000.\0002\000\040\000M\000e\000m\000b\000e\000r\000\040\000F\000u\000n\000c\000t\000i\000o\000n\000\040\000D\000o\000c\000u\000m\000e\000n\000t\000a\000t\000i\000o\000n}{section.5.24}% 153
\BOOKMARK [3][-]{subsubsection.5.24.2.1}{\376\377\0005\000.\0002\0004\000.\0002\000.\0001\000\040\000B\000u\000i\000l\000d\000\050\000\051}{subsection.5.24.2}% 154
\BOOKMARK [3][-]{subsubsection.5.24.2.2}{\376\377\0005\000.\0002\0004\000.\0002\000.\0002\000\040\000R\000e\000m\000o\000v\000e\000\050\000\051}{subsection.5.24.2}% 155
\BOOKMARK [2][-]{subsection.5.24.3}{\376\377\0005\000.\0002\0004\000.\0003\000\040\000P\000r\000o\000p\000e\000r\000t\000y\000\040\000D\000o\000c\000u\000m\000e\000n\000t\000a\000t\000i\000o\000n}{section.5.24}% 156
\BOOKMARK [3][-]{subsubsection.5.24.3.1}{\376\377\0005\000.\0002\0004\000.\0003\000.\0001\000\040\000b\000r\000a\000n\000c\000h\000e\000s}{subsection.5.24.3}% 157
\BOOKMARK [1][-]{section.5.25}{\376\377\0005\000.\0002\0005\000\040\000F\000r\000a\000c\000t\000a\000l\000T\000r\000e\000e\000.\000S\000t\000a\000t\000i\000o\000n\000a\000r\000y\000T\000r\000e\000e\000B\000u\000i\000l\000d\000e\000r\000E\000d\000i\000t\000o\000r\000\040\000C\000l\000a\000s\000s\000\040\000R\000e\000f\000e\000r\000e\000n\000c\000e}{chapter.5}% 158
\BOOKMARK [1][-]{section.5.26}{\376\377\0005\000.\0002\0006\000\040\000F\000r\000a\000c\000t\000a\000l\000T\000r\000e\000e\000.\000T\000r\000e\000e\000\040\000I\000n\000t\000e\000r\000f\000a\000c\000e\000\040\000R\000e\000f\000e\000r\000e\000n\000c\000e}{chapter.5}% 159
\BOOKMARK [2][-]{subsection.5.26.1}{\376\377\0005\000.\0002\0006\000.\0001\000\040\000D\000e\000t\000a\000i\000l\000e\000d\000\040\000D\000e\000s\000c\000r\000i\000p\000t\000i\000o\000n}{section.5.26}% 160
\BOOKMARK [1][-]{section.5.27}{\376\377\0005\000.\0002\0007\000\040\000F\000r\000a\000c\000t\000a\000l\000T\000r\000e\000e\000.\000T\000r\000e\000e\000B\000u\000i\000l\000d\000e\000r\000\040\000C\000l\000a\000s\000s\000\040\000R\000e\000f\000e\000r\000e\000n\000c\000e}{chapter.5}% 161
\BOOKMARK [2][-]{subsection.5.27.1}{\376\377\0005\000.\0002\0007\000.\0001\000\040\000D\000e\000t\000a\000i\000l\000e\000d\000\040\000D\000e\000s\000c\000r\000i\000p\000t\000i\000o\000n}{section.5.27}% 162
\BOOKMARK [2][-]{subsection.5.27.2}{\376\377\0005\000.\0002\0007\000.\0002\000\040\000M\000e\000m\000b\000e\000r\000\040\000E\000n\000u\000m\000e\000r\000a\000t\000i\000o\000n\000\040\000D\000o\000c\000u\000m\000e\000n\000t\000a\000t\000i\000o\000n}{section.5.27}% 163
\BOOKMARK [3][-]{subsubsection.5.27.2.1}{\376\377\0005\000.\0002\0007\000.\0002\000.\0001\000\040\000T\000r\000e\000e\000T\000y\000p\000e}{subsection.5.27.2}% 164
\BOOKMARK [2][-]{subsection.5.27.3}{\376\377\0005\000.\0002\0007\000.\0003\000\040\000M\000e\000m\000b\000e\000r\000\040\000F\000u\000n\000c\000t\000i\000o\000n\000\040\000D\000o\000c\000u\000m\000e\000n\000t\000a\000t\000i\000o\000n}{section.5.27}% 165
\BOOKMARK [3][-]{subsubsection.5.27.3.1}{\376\377\0005\000.\0002\0007\000.\0003\000.\0001\000\040\000C\000r\000e\000a\000t\000e\000T\000r\000e\000e\000\050\000\051}{subsection.5.27.3}% 166
\BOOKMARK [3][-]{subsubsection.5.27.3.2}{\376\377\0005\000.\0002\0007\000.\0003\000.\0002\000\040\000D\000o\000B\000u\000i\000l\000d\000<\000\040\000T\000\040\000>\000\050\000\051}{subsection.5.27.3}% 167
\BOOKMARK [2][-]{subsection.5.27.4}{\376\377\0005\000.\0002\0007\000.\0004\000\040\000M\000e\000m\000b\000e\000r\000\040\000D\000a\000t\000a\000\040\000D\000o\000c\000u\000m\000e\000n\000t\000a\000t\000i\000o\000n}{section.5.27}% 168
\BOOKMARK [3][-]{subsubsection.5.27.4.1}{\376\377\0005\000.\0002\0007\000.\0004\000.\0001\000\040\000b\000r\000a\000n\000c\000h\000P\000r\000e\000f\000a\000b}{subsection.5.27.4}% 169
\BOOKMARK [3][-]{subsubsection.5.27.4.2}{\376\377\0005\000.\0002\0007\000.\0004\000.\0002\000\040\000b\000u\000i\000l\000d\000O\000n\000S\000t\000a\000r\000t}{subsection.5.27.4}% 170
\BOOKMARK [3][-]{subsubsection.5.27.4.3}{\376\377\0005\000.\0002\0007\000.\0004\000.\0003\000\040\000c\000o\000l\000o\000n\000i\000z\000a\000t\000i\000o\000n\000I\000n\000i\000t\000i\000a\000l\000L\000e\000n\000g\000t\000h}{subsection.5.27.4}% 171
\BOOKMARK [3][-]{subsubsection.5.27.4.4}{\376\377\0005\000.\0002\0007\000.\0004\000.\0004\000\040\000c\000o\000l\000o\000n\000i\000z\000a\000t\000i\000o\000n\000L\000e\000a\000f\000P\000a\000r\000e\000n\000t}{subsection.5.27.4}% 172
\BOOKMARK [3][-]{subsubsection.5.27.4.5}{\376\377\0005\000.\0002\0007\000.\0004\000.\0005\000\040\000c\000o\000l\000o\000n\000i\000z\000a\000t\000i\000o\000n\000M\000a\000x\000D\000i\000s\000t\000a\000n\000c\000e}{subsection.5.27.4}% 173
\BOOKMARK [3][-]{subsubsection.5.27.4.6}{\376\377\0005\000.\0002\0007\000.\0004\000.\0006\000\040\000c\000o\000l\000o\000n\000i\000z\000a\000t\000i\000o\000n\000M\000i\000n\000D\000i\000s\000t\000a\000n\000c\000e}{subsection.5.27.4}% 174
\BOOKMARK [3][-]{subsubsection.5.27.4.7}{\376\377\0005\000.\0002\0007\000.\0004\000.\0007\000\040\000c\000o\000l\000o\000n\000i\000z\000a\000t\000i\000o\000n\000W\000i\000d\000t\000h}{subsection.5.27.4}% 175
\BOOKMARK [3][-]{subsubsection.5.27.4.8}{\376\377\0005\000.\0002\0007\000.\0004\000.\0008\000\040\000d\000e\000f\000a\000u\000l\000t\000A\000n\000g\000l\000e}{subsection.5.27.4}% 176
\BOOKMARK [3][-]{subsubsection.5.27.4.9}{\376\377\0005\000.\0002\0007\000.\0004\000.\0009\000\040\000d\000e\000f\000a\000u\000l\000t\000B\000r\000a\000n\000c\000h\000C\000o\000l\000o\000u\000r}{subsection.5.27.4}% 177
\BOOKMARK [3][-]{subsubsection.5.27.4.10}{\376\377\0005\000.\0002\0007\000.\0004\000.\0001\0000\000\040\000d\000e\000f\000a\000u\000l\000t\000G\000r\000o\000w\000t\000h\000C\000o\000u\000n\000t}{subsection.5.27.4}% 178
\BOOKMARK [3][-]{subsubsection.5.27.4.11}{\376\377\0005\000.\0002\0007\000.\0004\000.\0001\0001\000\040\000d\000e\000f\000a\000u\000l\000t\000I\000n\000i\000t\000i\000a\000l\000L\000e\000n\000g\000t\000h}{subsection.5.27.4}% 179
\BOOKMARK [3][-]{subsubsection.5.27.4.12}{\376\377\0005\000.\0002\0007\000.\0004\000.\0001\0002\000\040\000d\000e\000f\000a\000u\000l\000t\000L\000e\000n\000g\000t\000h\000R\000e\000d\000u\000c\000t\000i\000o\000n\000O\000n\000N\000e\000w\000G\000e\000n\000e\000r\000a\000t\000i\000o\000n}{subsection.5.27.4}% 180
\BOOKMARK [3][-]{subsubsection.5.27.4.13}{\376\377\0005\000.\0002\0007\000.\0004\000.\0001\0003\000\040\000d\000e\000f\000a\000u\000l\000t\000W\000i\000d\000t\000h}{subsection.5.27.4}% 181
\BOOKMARK [3][-]{subsubsection.5.27.4.14}{\376\377\0005\000.\0002\0007\000.\0004\000.\0001\0004\000\040\000l\000T\000r\000e\000e\000A\000n\000g\000l\000e}{subsection.5.27.4}% 182
\BOOKMARK [3][-]{subsubsection.5.27.4.15}{\376\377\0005\000.\0002\0007\000.\0004\000.\0001\0005\000\040\000l\000T\000r\000e\000e\000A\000u\000t\000o\000W\000i\000d\000t\000h}{subsection.5.27.4}% 183
\BOOKMARK [3][-]{subsubsection.5.27.4.16}{\376\377\0005\000.\0002\0007\000.\0004\000.\0001\0006\000\040\000l\000T\000r\000e\000e\000A\000x\000i\000o\000m}{subsection.5.27.4}% 184
\BOOKMARK [3][-]{subsubsection.5.27.4.17}{\376\377\0005\000.\0002\0007\000.\0004\000.\0001\0007\000\040\000l\000T\000r\000e\000e\000B\000r\000a\000n\000c\000h\000L\000e\000n\000g\000t\000h}{subsection.5.27.4}% 185
\BOOKMARK [3][-]{subsubsection.5.27.4.18}{\376\377\0005\000.\0002\0007\000.\0004\000.\0001\0008\000\040\000l\000T\000r\000e\000e\000C\000o\000l\000o\000u\000r\000s}{subsection.5.27.4}% 186
\BOOKMARK [3][-]{subsubsection.5.27.4.19}{\376\377\0005\000.\0002\0007\000.\0004\000.\0001\0009\000\040\000l\000T\000r\000e\000e\000G\000r\000o\000w\000t\000h\000C\000o\000u\000n\000t}{subsection.5.27.4}% 187
\BOOKMARK [3][-]{subsubsection.5.27.4.20}{\376\377\0005\000.\0002\0007\000.\0004\000.\0002\0000\000\040\000l\000T\000r\000e\000e\000M\000a\000s\000s\000B\000a\000s\000e\000d\000O\000n\000W\000i\000d\000t\000h}{subsection.5.27.4}% 188
\BOOKMARK [3][-]{subsubsection.5.27.4.21}{\376\377\0005\000.\0002\0007\000.\0004\000.\0002\0001\000\040\000l\000T\000r\000e\000e\000R\000u\000l\000e\000s}{subsection.5.27.4}% 189
\BOOKMARK [3][-]{subsubsection.5.27.4.22}{\376\377\0005\000.\0002\0007\000.\0004\000.\0002\0002\000\040\000l\000T\000r\000e\000e\000W\000i\000d\000t\000h}{subsection.5.27.4}% 190
\BOOKMARK [3][-]{subsubsection.5.27.4.23}{\376\377\0005\000.\0002\0007\000.\0004\000.\0002\0003\000\040\000t\000r\000e\000e\000T\000y\000p\000e}{subsection.5.27.4}% 191
\BOOKMARK [1][-]{section.5.28}{\376\377\0005\000.\0002\0008\000\040\000F\000r\000a\000c\000t\000a\000l\000T\000r\000e\000e\000.\000T\000r\000e\000e\000B\000u\000i\000l\000d\000e\000r\000E\000d\000i\000t\000o\000r\000\040\000C\000l\000a\000s\000s\000\040\000R\000e\000f\000e\000r\000e\000n\000c\000e}{chapter.5}% 192
\BOOKMARK [2][-]{subsection.5.28.1}{\376\377\0005\000.\0002\0008\000.\0001\000\040\000D\000e\000t\000a\000i\000l\000e\000d\000\040\000D\000e\000s\000c\000r\000i\000p\000t\000i\000o\000n}{section.5.28}% 193
\BOOKMARK [1][-]{section.5.29}{\376\377\0005\000.\0002\0009\000\040\000F\000r\000a\000c\000t\000a\000l\000T\000r\000e\000e\000.\000D\000e\000m\000o\000.\000T\000r\000e\000e\000s\000T\000o\000D\000e\000m\000o\000\040\000C\000l\000a\000s\000s\000\040\000R\000e\000f\000e\000r\000e\000n\000c\000e}{chapter.5}% 194
\BOOKMARK [2][-]{subsection.5.29.1}{\376\377\0005\000.\0002\0009\000.\0001\000\040\000D\000e\000t\000a\000i\000l\000e\000d\000\040\000D\000e\000s\000c\000r\000i\000p\000t\000i\000o\000n}{section.5.29}% 195
\BOOKMARK [2][-]{subsection.5.29.2}{\376\377\0005\000.\0002\0009\000.\0002\000\040\000M\000e\000m\000b\000e\000r\000\040\000F\000u\000n\000c\000t\000i\000o\000n\000\040\000D\000o\000c\000u\000m\000e\000n\000t\000a\000t\000i\000o\000n}{section.5.29}% 196
\BOOKMARK [3][-]{subsubsection.5.29.2.1}{\376\377\0005\000.\0002\0009\000.\0002\000.\0001\000\040\000B\000u\000i\000l\000d\000M\000o\000v\000i\000n\000g\000\050\000\051}{subsection.5.29.2}% 197
\BOOKMARK [3][-]{subsubsection.5.29.2.2}{\376\377\0005\000.\0002\0009\000.\0002\000.\0002\000\040\000B\000u\000i\000l\000d\000S\000t\000a\000t\000i\000o\000n\000a\000r\000y\000\050\000\051}{subsection.5.29.2}% 198
\BOOKMARK [3][-]{subsubsection.5.29.2.3}{\376\377\0005\000.\0002\0009\000.\0002\000.\0003\000\040\000H\000i\000d\000e\000\050\000\051}{subsection.5.29.2}% 199
\BOOKMARK [3][-]{subsubsection.5.29.2.4}{\376\377\0005\000.\0002\0009\000.\0002\000.\0004\000\040\000S\000h\000o\000w\000\050\000\051}{subsection.5.29.2}% 200
\BOOKMARK [2][-]{subsection.5.29.3}{\376\377\0005\000.\0002\0009\000.\0003\000\040\000M\000e\000m\000b\000e\000r\000\040\000D\000a\000t\000a\000\040\000D\000o\000c\000u\000m\000e\000n\000t\000a\000t\000i\000o\000n}{section.5.29}% 201
\BOOKMARK [3][-]{subsubsection.5.29.3.1}{\376\377\0005\000.\0002\0009\000.\0003\000.\0001\000\040\000m\000o\000v\000i\000n\000g\000T\000r\000e\000e}{subsection.5.29.3}% 202
\BOOKMARK [3][-]{subsubsection.5.29.3.2}{\376\377\0005\000.\0002\0009\000.\0003\000.\0002\000\040\000s\000t\000a\000t\000i\000o\000n\000a\000r\000y\000T\000r\000e\000e}{subsection.5.29.3}% 203
\BOOKMARK [2][-]{subsection.5.29.4}{\376\377\0005\000.\0002\0009\000.\0004\000\040\000P\000r\000o\000p\000e\000r\000t\000y\000\040\000D\000o\000c\000u\000m\000e\000n\000t\000a\000t\000i\000o\000n}{section.5.29}% 204
\BOOKMARK [3][-]{subsubsection.5.29.4.1}{\376\377\0005\000.\0002\0009\000.\0004\000.\0001\000\040\000a\000c\000t\000i\000v\000e}{subsection.5.29.4}% 205
\BOOKMARK [0][-]{section*.92}{\376\377\000I\000n\000d\000e\000x}{}% 206
